Email: teste@local.com, Senha: 12345678
Email: teste@local.com, Senha: 12345678
Email: teste@local.com, Senha: 12345678
Email: teste@local.com, Senha: 12345678
Email: teste@local.com, Senha: 12345678
Email: teste@local.com
Senha digitada: 12345678
Hash do banco: $2y$10$0tFDRkgCvjSZf2hqQjZST.BmDhsWi1edOJzOu8OHC7ZxJEDla1X.S

Email: teste@local.com, Senha: 12345678
Email: teste@local.com
Senha digitada: 12345678
Hash do banco: $2y$10$0tFDRkgCvjSZf2hqQjZST.BmDhsWi1edOJzOu8OHC7ZxJEDla1X.S

Email: teste@local.com, Senha: 12345678
Email: teste@local.com
Senha digitada: 12345678
Hash do banco: $2y$10$0tFDRkgCvjSZf2hqQjZST.BmDhsWi1edOJzOu8OHC7ZxJEDla1X.S

Email: teste@local.com, Senha: isisheuer
Email: teste@local.com
Senha digitada: isisheuer
Hash do banco: $2y$10$0tFDRkgCvjSZf2hqQjZST.BmDhsWi1edOJzOu8OHC7ZxJEDla1X.S

Email: teste@local.com, Senha: 12345678
Email: teste@local.com
Senha digitada: 12345678
Hash do banco: $2y$10$0tFDRkgCvjSZf2hqQjZST.BmDhsWi1edOJzOu8OHC7ZxJEDla1X.S

Email: teste@local.com, Senha: isisheuer
Email: teste@local.com
Senha digitada: isisheuer
Hash do banco: $2y$10$0tFDRkgCvjSZf2hqQjZST.BmDhsWi1edOJzOu8OHC7ZxJEDla1X.S

Email: teste@local.com, Senha: 12345678
Email: teste@local.com
Senha digitada: 12345678
Hash do banco: $2y$10$0tFDRkgCvjSZf2hqQjZST.BmDhsWi1edOJzOu8OHC7ZxJEDla1X.S

Email: teste@local.com, Senha: 12345678
Email: teste@local.com
Senha digitada: 12345678
Hash do banco: $2y$10$0tFDRkgCvjSZf2hqQjZST.BmDhsWi1edOJzOu8OHC7ZxJEDla1X.S

Email: teste@local.com, Senha: 12345678
Email: teste@local.com
Senha digitada: 12345678
Hash do banco: $2y$10$0tFDRkgCvjSZf2hqQjZST.BmDhsWi1edOJzOu8OHC7ZxJEDla1X.S

Email: teste@local.com, Senha: isisheuer
Email: teste@local.com
Senha digitada: isisheuer
Hash do banco: $2y$10$0tFDRkgCvjSZf2hqQjZST.BmDhsWi1edOJzOu8OHC7ZxJEDla1X.S

Email: muriel@gmail.com, Senha: 12345678
Email: muriel@gmail.com
Senha digitada: 12345678
Hash do banco: $2y$10$ZEbHKRRNZ/67mXMnwxkPCuGTd/sV6pu4Z/WPuX18DoPyvO1UNha8C

Email: sheila@gmail.com, Senha: 12345678
Email: sheila@gmail.com
Senha digitada: 12345678
Hash do banco: $2y$10$syTF0fT4EKQzGXKrLnxog.1mKItRQekc7UhJBxEpE5lMQQx8MLL7.

Email: antes@gmail.com, Senha: 12345678
Email: antes@gmail.com
Senha digitada: 12345678
Hash do banco: $2y$10$57C6H/bAEdPmfpPcSkf5auVqK1JR.cG7Ei0bdjSk2.2NccvN3xPnq

Email: depois@gmail.com, Senha: 12345678
Email: depois@gmail.com
Senha digitada: 12345678
Hash do banco: $2y$10$WItBSXTdPsUkeXT1vkunVuSIH4.DteMLJhLvQ700l9Bj3HQuDS5ca

Email: beta@gmail.com, Senha: 12345678
Email: beta@gmail.com
Senha digitada: 12345678
Hash do banco: $2y$10$zLbeBIirSi4xcsUy2SReqeJHfsdr76PcFkhC.iLTi0QN0nZQV5a9i

Email: ruan@gmail.com, Senha: 12345678
Email: ruan@gmail.com
Senha digitada: 12345678
Hash do banco: $2y$10$2yFIE1utBFx6/Rt.t0RI6Ohh0BlI0/0DYbjUMwp/Guq6nonh6VmK6

Email: ruan@gmail.com, Senha: 12345678
Email: ruan@gmail.com
Senha digitada: 12345678
Hash do banco: $2y$10$2yFIE1utBFx6/Rt.t0RI6Ohh0BlI0/0DYbjUMwp/Guq6nonh6VmK6

Email: ruan@gmail.com, Senha: 12345678
Email: ruan@gmail.com
Senha digitada: 12345678
Hash do banco: $2y$10$2yFIE1utBFx6/Rt.t0RI6Ohh0BlI0/0DYbjUMwp/Guq6nonh6VmK6

Email: ruan@gmail.com, Senha: 12345678
Email: ruan@gmail.com
Senha digitada: 12345678
Hash do banco: $2y$10$2yFIE1utBFx6/Rt.t0RI6Ohh0BlI0/0DYbjUMwp/Guq6nonh6VmK6

Email: ruan@gmail.com, Senha: 12345678
Email: ruan@gmail.com
Senha digitada: 12345678
Hash do banco: $2y$10$2yFIE1utBFx6/Rt.t0RI6Ohh0BlI0/0DYbjUMwp/Guq6nonh6VmK6

Email: ruan@gmail.com, Senha: 12345678
Email: ruan@gmail.com
Senha digitada: 12345678
Hash do banco: $2y$10$2yFIE1utBFx6/Rt.t0RI6Ohh0BlI0/0DYbjUMwp/Guq6nonh6VmK6

Email: ruan@gmail.com, Senha: 12345678
Email: ruan@gmail.com
Senha digitada: 12345678
Hash do banco: $2y$10$2yFIE1utBFx6/Rt.t0RI6Ohh0BlI0/0DYbjUMwp/Guq6nonh6VmK6

Email: ruan@gmail.com, Senha: 1234567
Email: ruan@gmail.com
Senha digitada: 1234567
Hash do banco: $2y$10$2yFIE1utBFx6/Rt.t0RI6Ohh0BlI0/0DYbjUMwp/Guq6nonh6VmK6

Email: ruan@gmail.com, Senha: 12345678
Email: ruan@gmail.com
Senha digitada: 12345678
Hash do banco: $2y$10$2yFIE1utBFx6/Rt.t0RI6Ohh0BlI0/0DYbjUMwp/Guq6nonh6VmK6

Email: antesssss@gmail.com, Senha: 12345678
Email: antesssss@gmail.com
Senha digitada: 12345678
Hash do banco: NULO

Email: antess@gmail.com, Senha: 12345678
Email: antess@gmail.com
Senha digitada: 12345678
Hash do banco: $2y$10$NdZ0g..EUnvRbh0tOOgvYu5pqZVg2ztcTHGwbUp5AqRu3kqDLdVZq

Email: antess@gmail.com, Senha: 12345678
Email: antess@gmail.com
Senha digitada: 12345678
Hash do banco: $2y$10$NdZ0g..EUnvRbh0tOOgvYu5pqZVg2ztcTHGwbUp5AqRu3kqDLdVZq

Email: antess@gmail.com, Senha: 12345678
Email: antess@gmail.com
Senha digitada: 12345678
Hash do banco: $2y$10$NdZ0g..EUnvRbh0tOOgvYu5pqZVg2ztcTHGwbUp5AqRu3kqDLdVZq

Email: antess@gmail.com, Senha: 12345678
Email: antess@gmail.com
Senha digitada: 12345678
Hash do banco: $2y$10$NdZ0g..EUnvRbh0tOOgvYu5pqZVg2ztcTHGwbUp5AqRu3kqDLdVZq

Email: antess@gmail.comm, Senha: 12345678
Email: antess@gmail.comm
Senha digitada: 12345678
Hash do banco: NULO

Email: antess@gmail.com, Senha: 12345678
Email: antess@gmail.com
Senha digitada: 12345678
Hash do banco: $2y$10$NdZ0g..EUnvRbh0tOOgvYu5pqZVg2ztcTHGwbUp5AqRu3kqDLdVZq

Email: antess@gmail.com, Senha: 12345678
Email: antess@gmail.com
Senha digitada: 12345678
Hash do banco: $2y$10$NdZ0g..EUnvRbh0tOOgvYu5pqZVg2ztcTHGwbUp5AqRu3kqDLdVZq

Email: antess@gmail.com, Senha: 12345678
Email: antess@gmail.com
Senha digitada: 12345678
Hash do banco: $2y$10$NdZ0g..EUnvRbh0tOOgvYu5pqZVg2ztcTHGwbUp5AqRu3kqDLdVZq

Email: antess@gmail.com, Senha: 12345678
Email: antess@gmail.com
Senha digitada: 12345678
Hash do banco: $2y$10$NdZ0g..EUnvRbh0tOOgvYu5pqZVg2ztcTHGwbUp5AqRu3kqDLdVZq

Email: paulo@gmail.com, Senha: 12345678
Email: paulo@gmail.com
Senha digitada: 12345678
Hash do banco: $2y$10$jYFVL5VmJt/Ok38XoQ7U8OScQaOhyl.qRjvwnX4eCiIPjMk9c/Cc.

Email: ruan@gmail.com, Senha: 12345678
Email: ruan@gmail.com
Senha digitada: 12345678
Hash do banco: $2y$10$2yFIE1utBFx6/Rt.t0RI6Ohh0BlI0/0DYbjUMwp/Guq6nonh6VmK6

Email: ruan@gmail.com, Senha: 12345678
Email: ruan@gmail.com
Senha digitada: 12345678
Hash do banco: $2y$10$2yFIE1utBFx6/Rt.t0RI6Ohh0BlI0/0DYbjUMwp/Guq6nonh6VmK6

Email: ruan@gmail.com, Senha: 12345678
Email: ruan@gmail.com
Senha digitada: 12345678
Hash do banco: $2y$10$2yFIE1utBFx6/Rt.t0RI6Ohh0BlI0/0DYbjUMwp/Guq6nonh6VmK6

Email: ana@gmail.com, Senha: 12345678
Email: ana@gmail.com
Senha digitada: 12345678
Hash do banco: $2y$10$3PEmxrP6ygdqr/0F1QUL4O260riEItZN0.QGt2JKRZoPjDbFUJIMK

Email: ruan@gmail.com, Senha: 12345678
Email: ruan@gmail.com
Senha digitada: 12345678
Hash do banco: $2y$10$2yFIE1utBFx6/Rt.t0RI6Ohh0BlI0/0DYbjUMwp/Guq6nonh6VmK6

Email: bulane@gmail.com, Senha: 12345678
Email: bulane@gmail.com
Senha digitada: 12345678
Hash do banco: NULO

Email: luiza@gmail.com, Senha: 12345678
Email: luiza@gmail.com
Senha digitada: 12345678
Hash do banco: NULO

Email: luliza@gmail.com, Senha: 12345678
Email: luliza@gmail.com
Senha digitada: 12345678
Hash do banco: $2y$10$KHuph6gl/Zy/IJAWeSoudeu9ZEyj2Ajq98uUzNPsrI2PL/BzWfoX.

Email: barbie@gmail.com, Senha: 12345678
Email: barbie@gmail.com
Senha digitada: 12345678
Hash do banco: NULO

Email: luliza@gmail.com, Senha: 12345678
Email: luliza@gmail.com
Senha digitada: 12345678
Hash do banco: $2y$10$KHuph6gl/Zy/IJAWeSoudeu9ZEyj2Ajq98uUzNPsrI2PL/BzWfoX.

Email: roberto@gmail.com, Senha: 12345678
Email: roberto@gmail.com
Senha digitada: 12345678
Hash do banco: $2y$10$IypFipu8zQ5VMFuOi3PVMufv95bn73Pd2wa3mSbPNSZjr1PvP.Oji

Email: luiza@gmail.com, Senha: 12345678
Email: luiza@gmail.com
Senha digitada: 12345678
Hash do banco: $2y$10$hP6jx4GpuKSo5U8QCGvFnOzXSn9eHXR94Nsvb5yHpLXAFptCItb/i

Email: roberto@gmail.com, Senha: 12345678
Email: roberto@gmail.com
Senha digitada: 12345678
Hash do banco: $2y$10$IypFipu8zQ5VMFuOi3PVMufv95bn73Pd2wa3mSbPNSZjr1PvP.Oji

Email: roberto@gmail.com, Senha: 12345678
Email: roberto@gmail.com
Senha digitada: 12345678
Hash do banco: $2y$10$IypFipu8zQ5VMFuOi3PVMufv95bn73Pd2wa3mSbPNSZjr1PvP.Oji

Email: roberto@gmail.comm, Senha: 12345678
Email: roberto@gmail.comm
Senha digitada: 12345678
Hash do banco: $2y$10$IypFipu8zQ5VMFuOi3PVMufv95bn73Pd2wa3mSbPNSZjr1PvP.Oji

Email: roberto@gmail.com, Senha: 12345678
Email: roberto@gmail.com
Senha digitada: 12345678
Hash do banco: NULO

Email: roberto@gmail.comm, Senha: 12345678
Email: roberto@gmail.comm
Senha digitada: 12345678
Hash do banco: $2y$10$IypFipu8zQ5VMFuOi3PVMufv95bn73Pd2wa3mSbPNSZjr1PvP.Oji

Email: roberto@gmail.comm, Senha: 12345678
Email: roberto@gmail.comm
Senha digitada: 12345678
Hash do banco: NULO

Email: roberto@gmail.commm, Senha: 12345678
Email: roberto@gmail.commm
Senha digitada: 12345678
Hash do banco: $2y$10$IypFipu8zQ5VMFuOi3PVMufv95bn73Pd2wa3mSbPNSZjr1PvP.Oji

Email: ruan@gmail.com, Senha: 12345678
Email: ruan@gmail.com
Senha digitada: 12345678
Hash do banco: $2y$10$2yFIE1utBFx6/Rt.t0RI6Ohh0BlI0/0DYbjUMwp/Guq6nonh6VmK6

Email: ruan@gmail.comes, Senha: 12345678
Email: ruan@gmail.comes
Senha digitada: 12345678
Hash do banco: $2y$10$2yFIE1utBFx6/Rt.t0RI6Ohh0BlI0/0DYbjUMwp/Guq6nonh6VmK6

Email: ruan@gmail.comes, Senha: 12345678
Email: ruan@gmail.comes
Senha digitada: 12345678
Hash do banco: $2y$10$2yFIE1utBFx6/Rt.t0RI6Ohh0BlI0/0DYbjUMwp/Guq6nonh6VmK6

Email: ruan@gmail.comor, Senha: 12345678
Email: ruan@gmail.comor
Senha digitada: 12345678
Hash do banco: $2y$10$2yFIE1utBFx6/Rt.t0RI6Ohh0BlI0/0DYbjUMwp/Guq6nonh6VmK6

Email: paulo@gmail.com, Senha: 12345678
Email: paulo@gmail.com
Senha digitada: 12345678
Hash do banco: $2y$10$jYFVL5VmJt/Ok38XoQ7U8OScQaOhyl.qRjvwnX4eCiIPjMk9c/Cc.

Email: ruan@gmail.com, Senha: 12345678
Email: ruan@gmail.com
Senha digitada: 12345678
Hash do banco: NULO

Email: ruan@gmail.comor, Senha: 12345678
Email: ruan@gmail.comor
Senha digitada: 12345678
Hash do banco: $2y$10$2yFIE1utBFx6/Rt.t0RI6Ohh0BlI0/0DYbjUMwp/Guq6nonh6VmK6

Email: bob@gmail.com, Senha: 12345678
Email: bob@gmail.com
Senha digitada: 12345678
Hash do banco: $2y$10$44bZ1lXnNGWwg4sS7xxyfe3tFyBnXhuxADz2r/uLhu4DlUX77uLGm

Email: ruan@gmail.comor, Senha: 12345678
Email: ruan@gmail.comor
Senha digitada: 12345678
Hash do banco: $2y$10$2yFIE1utBFx6/Rt.t0RI6Ohh0BlI0/0DYbjUMwp/Guq6nonh6VmK6

Email: admin@gmail.com, Senha: admin123
Email: admin@gmail.com
Senha digitada: admin123
Hash do banco: $2y$10$qPmglMuwJQLqt8J8BHYe4.xEmh.nUgd.1P0AN7e1Nfh7i5Xltf6/W

Email: testes@gmail.com, Senha: 12345678
Email: testes@gmail.com
Senha digitada: 12345678
Hash do banco: $2y$10$WNSxechWVadym/sPAsIog.No6xfq812EUBUV5//nyfvKe5j2PqljW

Email: testes@gmail.com, Senha: 12345678
Email: testes@gmail.com
Senha digitada: 12345678
Hash do banco: $2y$10$WNSxechWVadym/sPAsIog.No6xfq812EUBUV5//nyfvKe5j2PqljW

Email: lidya@gmail.com, Senha: asdfghjk
Email: lidya@gmail.com
Senha digitada: asdfghjk
Hash do banco: $2y$10$SkTeKZfPKApjoe2sJ1BGbe4EIP3tVc3jdpldW.vBzJFsszG1LpvN6

Email: vitor@gmail.com, Senha: 12345678
Email: vitor@gmail.com
Senha digitada: 12345678
Hash do banco: $2y$10$xZJQ5gZ/9OqgAhR4J6WKBucGe7KessnE2UIqZiYQzhsroqmy7xuYC

Email: bruno@gmail.com, Senha: 12345678
Email: bruno@gmail.com
Senha digitada: 12345678
Hash do banco: $2y$10$nXKxcfG1kL/DspglWDuWc.37mA28UEIjxgZNNwBl6ISmT58HqEkvm

Email: lukas@gmail.com, Senha: 12345678
Email: lukas@gmail.com
Senha digitada: 12345678
Hash do banco: $2y$10$c31XZF72dnfzI8Rj6XIfN.Z1NhJVpj/Q.8nmqTb6yUXSh2G5Xa2Xi

Email: lukas@gmail.com, Senha: 12345678
Email: lukas@gmail.com
Senha digitada: 12345678
Hash do banco: NULO

Email: gui@gmail.com, Senha: 12345678
Email: gui@gmail.com
Senha digitada: 12345678
Hash do banco: $2y$10$YiKYsbiFXYVvnZYe5gPliOkM9fK9e5Hed89E4gwdM/12JqP67cSJ6

Email: gui@hotmail.com, Senha: 12345678
Email: gui@hotmail.com
Senha digitada: 12345678
Hash do banco: $2y$10$QeCwgZx2J.P6A4JKVYtZousxa2HmZil1OJUiVT95Fh6.Z17OW/LCC

Email: joao@gmail.com, Senha: 12345678
Email: joao@gmail.com
Senha digitada: 12345678
Hash do banco: NULO

Email: jose@gmail.com, Senha: 12345678
Email: jose@gmail.com
Senha digitada: 12345678
Hash do banco: NULO

Email: jose@gmail.com, Senha: 12345678
Email: jose@gmail.com
Senha digitada: 12345678
Hash do banco: NULO

Email: jose@gmail.com, Senha: 12345678
Email: jose@gmail.com
Senha digitada: 12345678
Hash do banco: NULO

Email: isa@gmail.com, Senha: 12345678
Email: isa@gmail.com
Senha digitada: 12345678
Hash do banco: $2y$10$AnXrh4VTCuKDzU4yepyri.htif7sQr2C.XO4IItXXr28qUvKLMYvy

Email: gui@gmail.com, Senha: 12345678
Email: gui@gmail.com
Senha digitada: 12345678
Hash do banco: $2y$10$YiKYsbiFXYVvnZYe5gPliOkM9fK9e5Hed89E4gwdM/12JqP67cSJ6

Email: gui@hotmail.com, Senha: 12345678
Email: gui@hotmail.com
Senha digitada: 12345678
Hash do banco: $2y$10$QeCwgZx2J.P6A4JKVYtZousxa2HmZil1OJUiVT95Fh6.Z17OW/LCC

Email: joao@gmail.com, Senha: 12345678
Email: joao@gmail.com
Senha digitada: 12345678
Hash do banco: NULO

Email: joao@gmail.com, Senha: 12345678
Email: joao@gmail.com
Senha digitada: 12345678
Hash do banco: NULO

Email: joao@gmail.com, Senha: 1234578
Email: joao@gmail.com
Senha digitada: 1234578
Hash do banco: NULO

Email: jose@gmail.com, Senha: 12345678
Email: jose@gmail.com
Senha digitada: 12345678
Hash do banco: $2y$10$8MC7/oTjHxl1WVSjBp2PsepHS5QdOeEs9zwzx0tBGTUYwfP8lD7k6

Email: jose@gmail.com, Senha: 12345678
Email: jose@gmail.com
Senha digitada: 12345678
Hash do banco: $2y$10$8MC7/oTjHxl1WVSjBp2PsepHS5QdOeEs9zwzx0tBGTUYwfP8lD7k6

Email: gui@gmail.com, Senha: 123454678
Email: gui@gmail.com
Senha digitada: 123454678
Hash do banco: $2y$10$YiKYsbiFXYVvnZYe5gPliOkM9fK9e5Hed89E4gwdM/12JqP67cSJ6

Email: gui@gmail.com, Senha: 12345678
Email: gui@gmail.com
Senha digitada: 12345678
Hash do banco: $2y$10$YiKYsbiFXYVvnZYe5gPliOkM9fK9e5Hed89E4gwdM/12JqP67cSJ6

Email: ise@gmail.com, Senha: 12345678
Email: ise@gmail.com
Senha digitada: 12345678
Hash do banco: $2y$10$gSiel.hNy.pBbLWwfvziuetkXRHL2QxdiAfczjjkQUWAqI9/Q/FS.

Email: isa@gmail.com, Senha: 12345678
Email: isa@gmail.com
Senha digitada: 12345678
Hash do banco: $2y$10$9hf5Fw.Bx3.ilV4L0o3nueUKkhpnsOB/YD6b6mv.TAOQ8Zn91SWmq

Email: ivan@gmail.com, Senha: 12345678
Email: ivan@gmail.com
Senha digitada: 12345678
Hash do banco: $2y$10$T8irumciGnjo7bFAy.2gBOp96pBRQA.a1yIXrthd6jUMYN/ZrzfAO

Email: isa@gmail.com, Senha: 12345678
Email: isa@gmail.com
Senha digitada: 12345678
Hash do banco: $2y$10$9hf5Fw.Bx3.ilV4L0o3nueUKkhpnsOB/YD6b6mv.TAOQ8Zn91SWmq

Email: ivan@gmail.com, Senha: 12345678
Email: ivan@gmail.com
Senha digitada: 12345678
Hash do banco: $2y$10$T8irumciGnjo7bFAy.2gBOp96pBRQA.a1yIXrthd6jUMYN/ZrzfAO

